Base path: /Users/oukansakai/Desktop/Unity/2018.4.13f1/Unity.app/Contents
Cmd: initializeCompiler
Cmd: compileComputeKernel
  api=14 insize=14379 outsize=112681 ok=1
Cmd: compileComputeKernel
  api=14 insize=14379 outsize=49673 ok=1
Cmd: compileComputeKernel
  api=14 insize=14379 outsize=44821 ok=1
Cmd: compileComputeKernel
  error: 1 plat 14 at (0): Program 'Deferred_Indirect_ShadowMask_Fptl_Variant26', warning X4714: sum of temp registers and indexable temp registers times 256 threads exceeds the recommended total 16384.  Performance may be reduced
  api=14 insize=14379 outsize=104333 ok=1
Cmd: translateComputeKernel
  api=14 insize=100809 outsize=223549 ok=1
Cmd: translateComputeKernel
  api=14 insize=62073 outsize=124125 ok=1
Cmd: translateComputeKernel
  api=14 insize=75393 outsize=158369 ok=1
Cmd: translateComputeKernel
  api=14 insize=18293 outsize=35473 ok=1
Cmd: compileComputeKernel
  api=14 insize=4845 outsize=5509 ok=1
Cmd: compileComputeKernel
  api=14 insize=6353 outsize=7005 ok=1
Cmd: compileComputeKernel
  api=14 insize=1753 outsize=2673 ok=1
Cmd: compileComputeKernel
  api=14 insize=18299 outsize=9721 ok=1
Cmd: translateComputeKernel
  api=14 insize=11321 outsize=24805 ok=1
Cmd: translateComputeKernel
  api=14 insize=16617 outsize=33969 ok=1
Cmd: translateComputeKernel
  api=14 insize=22297 outsize=50905 ok=1
Cmd: compileComputeKernel
  api=14 insize=20454 outsize=34869 ok=1
Cmd: compileComputeKernel
  api=14 insize=34758 outsize=44957 ok=1
Cmd: translateComputeKernel
  api=14 insize=45165 outsize=90381 ok=1
Cmd: translateComputeKernel
  api=14 insize=49197 outsize=99333 ok=1
Cmd: translateComputeKernel
  api=14 insize=2077 outsize=3273 ok=1
Cmd: translateComputeKernel
  api=14 insize=1505 outsize=2273 ok=1
Cmd: compileComputeKernel
  api=14 insize=16866 outsize=5393 ok=1
Cmd: compileComputeKernel
  api=14 insize=16866 outsize=7385 ok=1
Cmd: compileComputeKernel
  api=14 insize=16866 outsize=7821 ok=1
Cmd: compileComputeKernel
  api=14 insize=16866 outsize=6845 ok=1
Cmd: compileComputeKernel
  api=14 insize=16866 outsize=8237 ok=1
Cmd: compileComputeKernel
  api=14 insize=16866 outsize=9533 ok=1
Cmd: compileComputeKernel
  api=14 insize=16866 outsize=10805 ok=1
Cmd: translateComputeKernel
  api=14 insize=7245 outsize=13237 ok=1
Cmd: translateComputeKernel
  api=14 insize=10473 outsize=19273 ok=1
Cmd: translateComputeKernel
  api=14 insize=7617 outsize=14209 ok=1
Cmd: translateComputeKernel
  api=14 insize=8181 outsize=15001 ok=1
Cmd: translateComputeKernel
  api=14 insize=11269 outsize=21329 ok=1
Cmd: compileComputeKernel
  api=14 insize=3145 outsize=5045 ok=1
Cmd: initializeCompiler
Cmd: initializeCompiler
Cmd: initializeCompiler
Cmd: initializeCompiler
Cmd: initializeCompiler
