Base path: /Users/oukansakai/Desktop/Unity/2018.4.13f1/Unity.app/Contents
Cmd: initializeCompiler
Cmd: compileComputeKernel
  api=14 insize=14379 outsize=45217 ok=1
Cmd: compileComputeKernel
  api=14 insize=14379 outsize=83021 ok=1
Cmd: compileComputeKernel
  api=14 insize=14379 outsize=31145 ok=1
Cmd: compileComputeKernel
  api=14 insize=14379 outsize=54141 ok=1
Cmd: compileComputeKernel
  api=14 insize=14379 outsize=44197 ok=1
Cmd: compileComputeKernel
  api=14 insize=14379 outsize=82529 ok=1
Cmd: translateComputeKernel
  api=14 insize=52421 outsize=102469 ok=1
Cmd: translateComputeKernel
  api=14 insize=54977 outsize=107033 ok=1
Cmd: translateComputeKernel
  api=14 insize=57057 outsize=114057 ok=1
Cmd: translateComputeKernel
  api=14 insize=102973 outsize=239473 ok=1
Cmd: compileComputeKernel
  api=14 insize=26814 outsize=18249 ok=1
Cmd: compileComputeKernel
  api=14 insize=2059 outsize=2129 ok=1
Cmd: translateComputeKernel
  api=14 insize=48553 outsize=85569 ok=1
Cmd: translateComputeKernel
  api=14 insize=5765 outsize=8357 ok=1
Cmd: translateComputeKernel
  api=14 insize=1889 outsize=2361 ok=1
Cmd: compileComputeKernel
  api=14 insize=11900 outsize=12037 ok=1
Cmd: translateComputeKernel
  api=14 insize=12037 outsize=24565 ok=1
Cmd: compileComputeKernel
  api=14 insize=18299 outsize=11797 ok=1
Cmd: translateComputeKernel
  api=14 insize=11797 outsize=25505 ok=1
Cmd: translateComputeKernel
  api=14 insize=17693 outsize=36057 ok=1
Cmd: translateComputeKernel
  api=14 insize=1093 outsize=1081 ok=1
Cmd: compileComputeKernel
  api=14 insize=34758 outsize=46829 ok=1
Cmd: translateComputeKernel
  api=14 insize=48381 outsize=96833 ok=1
Cmd: compileComputeKernel
  api=14 insize=16866 outsize=6473 ok=1
Cmd: compileComputeKernel
  api=14 insize=16866 outsize=8249 ok=1
Cmd: compileComputeKernel
  api=14 insize=16866 outsize=10773 ok=1
Cmd: compileComputeKernel
  api=14 insize=16866 outsize=9265 ok=1
Cmd: compileComputeKernel
  api=14 insize=16866 outsize=11261 ok=1
Cmd: translateComputeKernel
  api=14 insize=5853 outsize=10397 ok=1
Cmd: translateComputeKernel
  api=14 insize=8813 outsize=15945 ok=1
Cmd: translateComputeKernel
  api=14 insize=11069 outsize=20917 ok=1
Cmd: translateComputeKernel
  api=14 insize=9573 outsize=17841 ok=1
Cmd: translateComputeKernel
  api=14 insize=9897 outsize=19241 ok=1
Cmd: initializeCompiler
Cmd: initializeCompiler
Cmd: initializeCompiler
Cmd: initializeCompiler
Cmd: initializeCompiler
