Base path: /Users/oukansakai/Desktop/Unity/2018.4.13f1/Unity.app/Contents
Cmd: initializeCompiler
Cmd: compileComputeKernel
  api=14 insize=14379 outsize=40169 ok=1
Cmd: compileComputeKernel
  api=14 insize=14379 outsize=59273 ok=1
Cmd: compileComputeKernel
  api=14 insize=14379 outsize=43349 ok=1
Cmd: compileComputeKernel
  api=14 insize=14379 outsize=42509 ok=1
Cmd: compileComputeKernel
  api=14 insize=14379 outsize=102565 ok=1
Cmd: translateComputeKernel
  api=14 insize=32109 outsize=51137 ok=1
Cmd: translateComputeKernel
  api=14 insize=59681 outsize=124593 ok=1
Cmd: translateComputeKernel
  api=14 insize=81633 outsize=172925 ok=1
Cmd: translateComputeKernel
  api=14 insize=85153 outsize=186481 ok=1
Cmd: compileComputeKernel
  api=14 insize=26814 outsize=17865 ok=1
Cmd: translateComputeKernel
  api=14 insize=17865 outsize=34773 ok=1
Cmd: compileComputeKernel
  api=14 insize=7431 outsize=13169 ok=1
Cmd: translateComputeKernel
  api=14 insize=13169 outsize=10777 ok=1
Cmd: compileComputeKernel
  api=14 insize=18299 outsize=9953 ok=1
Cmd: translateComputeKernel
  api=14 insize=9637 outsize=16465 ok=1
Cmd: compileComputeKernel
  api=14 insize=19063 outsize=16573 ok=1
Cmd: translateComputeKernel
  api=14 insize=17109 outsize=34829 ok=1
Cmd: translateComputeKernel
  api=14 insize=853 outsize=785 ok=1
Cmd: compileComputeKernel
  api=14 insize=692 outsize=1093 ok=1
Cmd: compileComputeKernel
  api=14 insize=34758 outsize=43689 ok=1
Cmd: compileComputeKernel
  api=14 insize=34758 outsize=44957 ok=1
Cmd: translateComputeKernel
  api=14 insize=45425 outsize=91737 ok=1
Cmd: compileComputeKernel
  api=14 insize=16360 outsize=16841 ok=1
Cmd: translateComputeKernel
  api=14 insize=15981 outsize=17421 ok=1
Cmd: compileComputeKernel
  api=14 insize=16866 outsize=6689 ok=1
Cmd: compileComputeKernel
  api=14 insize=16866 outsize=7793 ok=1
Cmd: compileComputeKernel
  api=14 insize=16866 outsize=9333 ok=1
Cmd: compileComputeKernel
  api=14 insize=16866 outsize=8933 ok=1
Cmd: compileComputeKernel
  api=14 insize=16866 outsize=10705 ok=1
Cmd: translateComputeKernel
  api=14 insize=6549 outsize=11833 ok=1
Cmd: translateComputeKernel
  api=14 insize=7829 outsize=13925 ok=1
Cmd: translateComputeKernel
  api=14 insize=9865 outsize=18705 ok=1
Cmd: translateComputeKernel
  api=14 insize=9261 outsize=17205 ok=1
Cmd: translateComputeKernel
  api=14 insize=10353 outsize=20161 ok=1
Cmd: initializeCompiler
Cmd: initializeCompiler
Cmd: initializeCompiler
Cmd: initializeCompiler
Cmd: initializeCompiler
