Base path: /Users/oukansakai/Desktop/Unity/2018.4.13f1/Unity.app/Contents
Cmd: initializeCompiler
Cmd: compileComputeKernel
  api=14 insize=14379 outsize=70569 ok=1
Cmd: compileComputeKernel
  api=14 insize=14379 outsize=80917 ok=1
Cmd: compileComputeKernel
  api=14 insize=14379 outsize=49133 ok=1
Cmd: compileComputeKernel
  api=14 insize=14379 outsize=55497 ok=1
Cmd: translateComputeKernel
  api=14 insize=52505 outsize=107057 ok=1
Cmd: translateComputeKernel
  api=14 insize=56037 outsize=110681 ok=1
Cmd: translateComputeKernel
  api=14 insize=43265 outsize=79221 ok=1
Cmd: translateComputeKernel
  api=14 insize=73741 outsize=153889 ok=1
Cmd: translateComputeKernel
  api=14 insize=50509 outsize=97973 ok=1
Cmd: translateComputeKernel
  api=14 insize=57713 outsize=115541 ok=1
Cmd: translateComputeKernel
  api=14 insize=57229 outsize=114273 ok=1
Cmd: compileComputeKernel
  api=14 insize=26814 outsize=18065 ok=1
Cmd: translateComputeKernel
  api=14 insize=17661 outsize=34325 ok=1
Cmd: compileComputeKernel
  api=14 insize=10881 outsize=11297 ok=1
Cmd: translateComputeKernel
  api=14 insize=10553 outsize=18425 ok=1
Cmd: translateComputeKernel
  api=14 insize=5397 outsize=7573 ok=1
Cmd: translateComputeKernel
  api=14 insize=7005 outsize=13553 ok=1
Cmd: compileComputeKernel
  api=14 insize=18299 outsize=11321 ok=1
Cmd: translateComputeKernel
  api=14 insize=9397 outsize=16205 ok=1
Cmd: compileComputeKernel
  api=14 insize=19063 outsize=16557 ok=1
Cmd: translateComputeKernel
  api=14 insize=15969 outsize=32737 ok=1
Cmd: compileComputeKernel
  api=14 insize=1580 outsize=7445 ok=1
Cmd: translateComputeKernel
  api=14 insize=7445 outsize=12969 ok=1
Cmd: compileComputeKernel
  api=14 insize=34758 outsize=48297 ok=1
Cmd: translateComputeKernel
  api=14 insize=49197 outsize=99333 ok=1
Cmd: compileComputeKernel
  api=14 insize=16360 outsize=15893 ok=1
Cmd: compileComputeKernel
  api=14 insize=16866 outsize=7169 ok=1
Cmd: compileComputeKernel
  api=14 insize=16866 outsize=9761 ok=1
Cmd: compileComputeKernel
  api=14 insize=16866 outsize=8621 ok=1
Cmd: compileComputeKernel
  api=14 insize=16866 outsize=9721 ok=1
Cmd: compileComputeKernel
  api=14 insize=16866 outsize=12245 ok=1
Cmd: translateComputeKernel
  api=14 insize=6033 outsize=10369 ok=1
Cmd: translateComputeKernel
  api=14 insize=7425 outsize=13221 ok=1
Cmd: translateComputeKernel
  api=14 insize=7897 outsize=14641 ok=1
Cmd: translateComputeKernel
  api=14 insize=8313 outsize=15649 ok=1
Cmd: translateComputeKernel
  api=14 insize=9301 outsize=17313 ok=1
Cmd: translateComputeKernel
  api=14 insize=11865 outsize=23253 ok=1
Cmd: initializeCompiler
Cmd: initializeCompiler
Cmd: initializeCompiler
Cmd: initializeCompiler
Cmd: initializeCompiler
