Base path: /Users/oukansakai/Desktop/Unity/2018.4.13f1/Unity.app/Contents
Cmd: initializeCompiler
Cmd: compileComputeKernel
  api=14 insize=14379 outsize=31133 ok=1
Cmd: compileComputeKernel
  api=14 insize=14379 outsize=42669 ok=1
Cmd: compileComputeKernel
  api=14 insize=14379 outsize=55321 ok=1
Cmd: compileComputeKernel
  api=14 insize=14379 outsize=47625 ok=1
Cmd: compileComputeKernel
  api=14 insize=14379 outsize=54901 ok=1
Cmd: compileComputeKernel
  api=14 insize=14379 outsize=44225 ok=1
Cmd: compileComputeKernel
  api=14 insize=14379 outsize=75141 ok=1
Cmd: translateComputeKernel
  api=14 insize=46053 outsize=87509 ok=1
Cmd: translateComputeKernel
  api=14 insize=83429 outsize=181845 ok=1
Cmd: translateComputeKernel
  api=14 insize=54857 outsize=109497 ok=1
Cmd: translateComputeKernel
  api=14 insize=61433 outsize=129733 ok=1
Cmd: translateComputeKernel
  api=14 insize=50105 outsize=97037 ok=1
Cmd: translateComputeKernel
  api=14 insize=104741 outsize=244657 ok=1
Cmd: compileComputeKernel
  api=14 insize=26814 outsize=749 ok=1
Cmd: translateComputeKernel
  api=14 insize=1321 outsize=693 ok=1
Cmd: compileComputeKernel
  api=14 insize=2059 outsize=789 ok=1
Cmd: translateComputeKernel
  api=14 insize=2129 outsize=3889 ok=1
Cmd: translateComputeKernel
  api=14 insize=11453 outsize=22673 ok=1
Cmd: compileComputeKernel
  api=14 insize=18299 outsize=11321 ok=1
Cmd: compileComputeKernel
  api=14 insize=1567 outsize=1497 ok=1
Cmd: translateComputeKernel
  api=14 insize=1497 outsize=1785 ok=1
Cmd: compileComputeKernel
  api=14 insize=19063 outsize=17205 ok=1
Cmd: compileComputeKernel
  api=14 insize=5435 outsize=7001 ok=1
Cmd: translateComputeKernel
  api=14 insize=7001 outsize=13529 ok=1
Cmd: compileComputeKernel
  api=14 insize=2867 outsize=793 ok=1
Cmd: compileComputeKernel
  api=14 insize=20454 outsize=34873 ok=1
Cmd: compileComputeKernel
  api=14 insize=34758 outsize=44645 ok=1
Cmd: compileComputeKernel
  api=14 insize=34758 outsize=48297 ok=1
Cmd: translateComputeKernel
  api=14 insize=46289 outsize=93173 ok=1
Cmd: compileComputeKernel
  api=14 insize=16360 outsize=15893 ok=1
Cmd: compileComputeKernel
  api=14 insize=1454 outsize=2077 ok=1
Cmd: translateComputeKernel
  api=14 insize=1193 outsize=1313 ok=1
Cmd: compileComputeKernel
  api=14 insize=16866 outsize=7481 ok=1
Cmd: compileComputeKernel
  api=14 insize=16866 outsize=10217 ok=1
Cmd: compileComputeKernel
  api=14 insize=16866 outsize=7445 ok=1
Cmd: compileComputeKernel
  api=14 insize=16866 outsize=9609 ok=1
Cmd: compileComputeKernel
  api=14 insize=16866 outsize=11789 ok=1
Cmd: translateComputeKernel
  api=14 insize=6417 outsize=11141 ok=1
Cmd: translateComputeKernel
  api=14 insize=8197 outsize=14701 ok=1
Cmd: translateComputeKernel
  api=14 insize=9409 outsize=17773 ok=1
Cmd: translateComputeKernel
  api=14 insize=7485 outsize=13565 ok=1
Cmd: translateComputeKernel
  api=14 insize=9757 outsize=18249 ok=1
Cmd: translateComputeKernel
  api=14 insize=12321 outsize=24173 ok=1
Cmd: initializeCompiler
Cmd: initializeCompiler
Cmd: initializeCompiler
Cmd: initializeCompiler
Cmd: initializeCompiler
