Base path: /Users/oukansakai/Desktop/Unity/2018.4.13f1/Unity.app/Contents
Cmd: initializeCompiler
Cmd: compileComputeKernel
  api=14 insize=14379 outsize=51977 ok=1
Cmd: compileComputeKernel
  api=14 insize=14379 outsize=47989 ok=1
Cmd: compileComputeKernel
  api=14 insize=14379 outsize=47517 ok=1
Cmd: compileComputeKernel
  api=14 insize=14379 outsize=53973 ok=1
Cmd: compileComputeKernel
  api=14 insize=14379 outsize=53101 ok=1
Cmd: compileComputeKernel
  api=14 insize=14379 outsize=55665 ok=1
Cmd: compileComputeKernel
  api=14 insize=14379 outsize=44009 ok=1
Cmd: translateComputeKernel
  api=14 insize=102637 outsize=228405 ok=1
Cmd: translateComputeKernel
  api=14 insize=45577 outsize=86525 ok=1
Cmd: translateComputeKernel
  api=14 insize=44765 outsize=83417 ok=1
Cmd: compileComputeKernel
  api=14 insize=26814 outsize=15721 ok=1
Cmd: translateComputeKernel
  api=14 insize=16389 outsize=31941 ok=1
Cmd: compileComputeKernel
  api=14 insize=2780 outsize=48553 ok=1
Cmd: compileComputeKernel
  api=14 insize=10881 outsize=11453 ok=1
Cmd: compileComputeKernel
  api=14 insize=18299 outsize=9637 ok=1
Cmd: translateComputeKernel
  api=14 insize=11321 outsize=24829 ok=1
Cmd: compileComputeKernel
  api=14 insize=19063 outsize=16417 ok=1
Cmd: compileComputeKernel
  api=14 insize=2517 outsize=2845 ok=1
Cmd: translateComputeKernel
  api=14 insize=2845 outsize=4929 ok=1
Cmd: compileComputeKernel
  api=14 insize=692 outsize=1093 ok=1
Cmd: translateComputeKernel
  api=14 insize=1093 outsize=1081 ok=1
Cmd: translateComputeKernel
  api=14 insize=34869 outsize=60753 ok=1
Cmd: compileComputeKernel
  api=14 insize=34758 outsize=44645 ok=1
Cmd: compileComputeKernel
  api=14 insize=34758 outsize=49153 ok=1
Cmd: translateComputeKernel
  api=14 insize=47005 outsize=94253 ok=1
Cmd: compileComputeKernel
  api=14 insize=8350 outsize=2405 ok=1
Cmd: compileComputeKernel
  api=14 insize=2044 outsize=1505 ok=1
Cmd: compileComputeKernel
  api=14 insize=16866 outsize=6089 ok=1
Cmd: compileComputeKernel
  api=14 insize=16866 outsize=7265 ok=1
Cmd: compileComputeKernel
  api=14 insize=16866 outsize=8349 ok=1
Cmd: compileComputeKernel
  api=14 insize=16866 outsize=7229 ok=1
Cmd: compileComputeKernel
  api=14 insize=16866 outsize=9009 ok=1
Cmd: compileComputeKernel
  api=14 insize=16866 outsize=11689 ok=1
Cmd: translateComputeKernel
  api=14 insize=7633 outsize=13989 ok=1
Cmd: translateComputeKernel
  api=14 insize=10253 outsize=18953 ok=1
Cmd: translateComputeKernel
  api=14 insize=8001 outsize=15013 ok=1
Cmd: translateComputeKernel
  api=14 insize=8565 outsize=15801 ok=1
Cmd: translateComputeKernel
  api=14 insize=11945 outsize=22445 ok=1
Cmd: initializeCompiler
Cmd: initializeCompiler
Cmd: initializeCompiler
Cmd: initializeCompiler
Cmd: initializeCompiler
