Base path: /Users/oukansakai/Desktop/Unity/2018.4.13f1/Unity.app/Contents
Cmd: initializeCompiler
Cmd: compileComputeKernel
  api=14 insize=14379 outsize=52493 ok=1
Cmd: compileComputeKernel
  api=14 insize=14379 outsize=54141 ok=1
Cmd: compileComputeKernel
  api=14 insize=14379 outsize=56341 ok=1
Cmd: compileComputeKernel
  api=14 insize=14379 outsize=46889 ok=1
Cmd: compileComputeKernel
  api=14 insize=14379 outsize=61297 ok=1
Cmd: compileComputeKernel
  api=14 insize=14379 outsize=57969 ok=1
Cmd: translateComputeKernel
  api=14 insize=53209 outsize=104829 ok=1
Cmd: translateComputeKernel
  api=14 insize=48825 outsize=93129 ok=1
Cmd: translateComputeKernel
  api=14 insize=44105 outsize=82525 ok=1
Cmd: translateComputeKernel
  api=14 insize=54809 outsize=106517 ok=1
Cmd: translateComputeKernel
  api=14 insize=47725 outsize=92249 ok=1
Cmd: translateComputeKernel
  api=14 insize=54265 outsize=112241 ok=1
Cmd: translateComputeKernel
  api=14 insize=44953 outsize=83777 ok=1
Cmd: translateComputeKernel
  api=14 insize=83245 outsize=177665 ok=1
Cmd: compileComputeKernel
  api=14 insize=26814 outsize=18493 ok=1
Cmd: translateComputeKernel
  api=14 insize=15813 outsize=30997 ok=1
Cmd: translateComputeKernel
  api=14 insize=11297 outsize=22357 ok=1
Cmd: compileComputeKernel
  api=14 insize=18299 outsize=11489 ok=1
Cmd: translateComputeKernel
  api=14 insize=11489 outsize=25117 ok=1
Cmd: compileComputeKernel
  api=14 insize=19063 outsize=17065 ok=1
Cmd: translateComputeKernel
  api=14 insize=17045 outsize=34825 ok=1
Cmd: compileComputeKernel
  api=14 insize=1806 outsize=2001 ok=1
Cmd: compileComputeKernel
  api=14 insize=34758 outsize=49153 ok=1
Cmd: translateComputeKernel
  api=14 insize=47005 outsize=94253 ok=1
Cmd: compileComputeKernel
  api=14 insize=8350 outsize=3417 ok=1
Cmd: translateComputeKernel
  api=14 insize=2405 outsize=4785 ok=1
Cmd: translateComputeKernel
  api=14 insize=15981 outsize=17421 ok=1
Cmd: compileComputeKernel
  api=14 insize=16866 outsize=5993 ok=1
Cmd: compileComputeKernel
  api=14 insize=16866 outsize=7769 ok=1
Cmd: compileComputeKernel
  api=14 insize=16866 outsize=8805 ok=1
Cmd: compileComputeKernel
  api=14 insize=16866 outsize=7925 ok=1
Cmd: compileComputeKernel
  api=14 insize=16866 outsize=8525 ok=1
Cmd: compileComputeKernel
  api=14 insize=16866 outsize=11909 ok=1
Cmd: translateComputeKernel
  api=14 insize=6165 outsize=11037 ok=1
Cmd: translateComputeKernel
  api=14 insize=8121 outsize=14621 ok=1
Cmd: translateComputeKernel
  api=14 insize=10393 outsize=19769 ok=1
Cmd: translateComputeKernel
  api=14 insize=8877 outsize=16437 ok=1
Cmd: translateComputeKernel
  api=14 insize=9369 outsize=18121 ok=1
Cmd: compileComputeKernel
  api=14 insize=1192 outsize=873 ok=1
Cmd: initializeCompiler
Cmd: initializeCompiler
Cmd: initializeCompiler
Cmd: initializeCompiler
Cmd: initializeCompiler
